<?xml version="1.0" encoding="UTF-8"?>
<testsuite xmlns:xsi="http://www.w3.org/2001/XMLSchema-instance" xsi:noNamespaceSchemaLocation="https://maven.apache.org/surefire/maven-surefire-plugin/xsd/surefire-test-report-3.0.xsd" version="3.0" name="personal.work.fiona.movies.MoviesApplicationTests" time="7.719" tests="1" errors="0" skipped="0" failures="0">
  <properties>
[...]
</properties>
  <testcase name="contextLoads" classname="personal.work.fiona.movies.MoviesApplicationTests" time="2.021">
    <system-out><![CDATA[00:06:17.948 [main] INFO org.springframework.test.context.support.AnnotationConfigContextLoaderUtils -- Could not detect default configuration classes for test class [personal.work.fiona.movies.MoviesApplicationTests]: MoviesApplicationTests does not declare any static, non-private, non-final, nested classes annotated with @Configuration.
00:06:18.136 [main] INFO org.springframework.boot.test.context.SpringBootTestContextBootstrapper -- Found @SpringBootConfiguration personal.work.fiona.movies.MoviesApplication for test class personal.work.fiona.movies.MoviesApplicationTests

  .   ____          _            __ _ _
 /\\ / ___'_ __ _ _(_)_ __  __ _ \ \ \ \
( ( )\___ | '_ | '_| | '_ \/ _` | \ \ \ \
 \\/  ___)| |_)| | | | | || (_| |  ) ) ) )
  '  |____| .__|_| |_|_| |_\__, | / / / /
 =========|_|==============|___/=/_/_/_/
 :: Spring Boot ::                (v3.1.2)

2023-08-28T00:06:18.876-04:00  INFO 27664 --- [           main] m.p.springdotenv.DotenvPropertySource    : Initializing Dotenv with DotenvConfig{directory=null, filename=null, ignoreIfMalformed=false, ignoreIfMissing=true, systemProperties=false, prefix=null}
2023-08-28T00:06:18.895-04:00  INFO 27664 --- [           main] p.w.fiona.movies.MoviesApplicationTests  : Starting MoviesApplicationTests using Java 17.0.8 with PID 27664 (started by fiona in C:\Users\fiona\Desktop\Coding\Java\Movie-Review-Website\movies)
2023-08-28T00:06:18.897-04:00  INFO 27664 --- [           main] p.w.fiona.movies.MoviesApplicationTests  : No active profile set, falling back to 1 default profile: "default"
2023-08-28T00:06:19.926-04:00  INFO 27664 --- [           main] .s.d.r.c.RepositoryConfigurationDelegate : Bootstrapping Spring Data MongoDB repositories in DEFAULT mode.
2023-08-28T00:06:20.058-04:00  INFO 27664 --- [           main] .s.d.r.c.RepositoryConfigurationDelegate : Finished Spring Data repository scanning in 111 ms. Found 2 MongoDB repository interfaces.
2023-08-28T00:06:21.266-04:00  INFO 27664 --- [nwe.mongodb.net] org.mongodb.driver.cluster               : Adding discovered server ac-jeclwab-shard-00-00.biyunwe.mongodb.net:27017 to client view of cluster
2023-08-28T00:06:21.281-04:00  INFO 27664 --- [           main] org.mongodb.driver.client                : MongoClient with metadata {"driver": {"name": "mongo-java-driver|sync|spring-boot", "version": "4.9.1"}, "os": {"type": "Windows", "name": "Windows 10", "architecture": "amd64", "version": "10.0"}, "platform": "Java/Oracle Corporation/17.0.8+9-LTS-211"} created with settings MongoClientSettings{readPreference=primary, writeConcern=WriteConcern{w=null, wTimeout=null ms, journal=null}, retryWrites=true, retryReads=true, readConcern=ReadConcern{level=null}, credential=MongoCredential{mechanism=null, userName='fional', source='admin', password=<hidden>, mechanismProperties=<hidden>}, streamFactoryFactory=null, commandListeners=[], codecRegistry=ProvidersCodecRegistry{codecProviders=[ValueCodecProvider{}, BsonValueCodecProvider{}, DBRefCodecProvider{}, DBObjectCodecProvider{}, DocumentCodecProvider{}, CollectionCodecProvider{}, IterableCodecProvider{}, MapCodecProvider{}, GeoJsonCodecProvider{}, GridFSFileCodecProvider{}, Jsr310CodecProvider{}, JsonObjectCodecProvider{}, BsonCodecProvider{}, EnumCodecProvider{}, com.mongodb.client.model.mql.ExpressionCodecProvider@64dae3b7, com.mongodb.Jep395RecordCodecProvider@1fedf0a4]}, loggerSettings=LoggerSettings{maxDocumentLength=1000}, clusterSettings={hosts=[127.0.0.1:27017], srvHost=cluster0.biyunwe.mongodb.net, srvServiceName=mongodb, mode=MULTIPLE, requiredClusterType=REPLICA_SET, requiredReplicaSetName='atlas-12clvv-shard-0', serverSelector='null', clusterListeners='[]', serverSelectionTimeout='30000 ms', localThreshold='30000 ms'}, socketSettings=SocketSettings{connectTimeoutMS=10000, readTimeoutMS=0, receiveBufferSize=0, sendBufferSize=0}, heartbeatSocketSettings=SocketSettings{connectTimeoutMS=10000, readTimeoutMS=10000, receiveBufferSize=0, sendBufferSize=0}, connectionPoolSettings=ConnectionPoolSettings{maxSize=100, minSize=0, maxWaitTimeMS=120000, maxConnectionLifeTimeMS=0, maxConnectionIdleTimeMS=0, maintenanceInitialDelayMS=0, maintenanceFrequencyMS=60000, connectionPoolListeners=[], maxConnecting=2}, serverSettings=ServerSettings{heartbeatFrequencyMS=10000, minHeartbeatFrequencyMS=500, serverListeners='[]', serverMonitorListeners='[]'}, sslSettings=SslSettings{enabled=true, invalidHostNameAllowed=false, context=null}, applicationName='null', compressorList=[], uuidRepresentation=JAVA_LEGACY, serverApi=null, autoEncryptionSettings=null, contextProvider=null}
2023-08-28T00:06:21.316-04:00  INFO 27664 --- [nwe.mongodb.net] org.mongodb.driver.cluster               : Adding discovered server ac-jeclwab-shard-00-01.biyunwe.mongodb.net:27017 to client view of cluster
2023-08-28T00:06:21.318-04:00  INFO 27664 --- [nwe.mongodb.net] org.mongodb.driver.cluster               : Adding discovered server ac-jeclwab-shard-00-02.biyunwe.mongodb.net:27017 to client view of cluster
2023-08-28T00:06:22.215-04:00  INFO 27664 --- [ngodb.net:27017] org.mongodb.driver.cluster               : Monitor thread successfully connected to server with description ServerDescription{address=ac-jeclwab-shard-00-01.biyunwe.mongodb.net:27017, type=REPLICA_SET_PRIMARY, state=CONNECTED, ok=true, minWireVersion=0, maxWireVersion=17, maxDocumentSize=16777216, logicalSessionTimeoutMinutes=30, roundTripTimeNanos=426945200, setName='atlas-12clvv-shard-0', canonicalAddress=ac-jeclwab-shard-00-01.biyunwe.mongodb.net:27017, hosts=[ac-jeclwab-shard-00-00.biyunwe.mongodb.net:27017, ac-jeclwab-shard-00-01.biyunwe.mongodb.net:27017, ac-jeclwab-shard-00-02.biyunwe.mongodb.net:27017], passives=[], arbiters=[], primary='ac-jeclwab-shard-00-01.biyunwe.mongodb.net:27017', tagSet=TagSet{[Tag{name='nodeType', value='ELECTABLE'}, Tag{name='provider', value='AWS'}, Tag{name='region', value='US_EAST_1'}, Tag{name='workloadType', value='OPERATIONAL'}]}, electionId=7fffffff00000000000000c1, setVersion=9, topologyVersion=TopologyVersion{processId=64e7ad559c5aee7e48e088f9, counter=6}, lastWriteDate=Mon Aug 28 00:06:20 EDT 2023, lastUpdateTimeNanos=806811327267500}
2023-08-28T00:06:22.215-04:00  INFO 27664 --- [ngodb.net:27017] org.mongodb.driver.cluster               : Monitor thread successfully connected to server with description ServerDescription{address=ac-jeclwab-shard-00-02.biyunwe.mongodb.net:27017, type=REPLICA_SET_SECONDARY, state=CONNECTED, ok=true, minWireVersion=0, maxWireVersion=17, maxDocumentSize=16777216, logicalSessionTimeoutMinutes=30, roundTripTimeNanos=425456500, setName='atlas-12clvv-shard-0', canonicalAddress=ac-jeclwab-shard-00-02.biyunwe.mongodb.net:27017, hosts=[ac-jeclwab-shard-00-00.biyunwe.mongodb.net:27017, ac-jeclwab-shard-00-01.biyunwe.mongodb.net:27017, ac-jeclwab-shard-00-02.biyunwe.mongodb.net:27017], passives=[], arbiters=[], primary='ac-jeclwab-shard-00-01.biyunwe.mongodb.net:27017', tagSet=TagSet{[Tag{name='nodeType', value='ELECTABLE'}, Tag{name='provider', value='AWS'}, Tag{name='region', value='US_EAST_1'}, Tag{name='workloadType', value='OPERATIONAL'}]}, electionId=null, setVersion=9, topologyVersion=TopologyVersion{processId=64e7aefdd8023f789454a031, counter=3}, lastWriteDate=Mon Aug 28 00:06:20 EDT 2023, lastUpdateTimeNanos=806811326422800}
2023-08-28T00:06:22.215-04:00  INFO 27664 --- [ngodb.net:27017] org.mongodb.driver.cluster               : Monitor thread successfully connected to server with description ServerDescription{address=ac-jeclwab-shard-00-00.biyunwe.mongodb.net:27017, type=REPLICA_SET_SECONDARY, state=CONNECTED, ok=true, minWireVersion=0, maxWireVersion=17, maxDocumentSize=16777216, logicalSessionTimeoutMinutes=30, roundTripTimeNanos=425534800, setName='atlas-12clvv-shard-0', canonicalAddress=ac-jeclwab-shard-00-00.biyunwe.mongodb.net:27017, hosts=[ac-jeclwab-shard-00-00.biyunwe.mongodb.net:27017, ac-jeclwab-shard-00-01.biyunwe.mongodb.net:27017, ac-jeclwab-shard-00-02.biyunwe.mongodb.net:27017], passives=[], arbiters=[], primary='ac-jeclwab-shard-00-01.biyunwe.mongodb.net:27017', tagSet=TagSet{[Tag{name='nodeType', value='ELECTABLE'}, Tag{name='provider', value='AWS'}, Tag{name='region', value='US_EAST_1'}, Tag{name='workloadType', value='OPERATIONAL'}]}, electionId=null, setVersion=9, topologyVersion=TopologyVersion{processId=64e7ab707e0b60baea6bced9, counter=4}, lastWriteDate=Mon Aug 28 00:06:20 EDT 2023, lastUpdateTimeNanos=806811326568800}
2023-08-28T00:06:22.223-04:00  INFO 27664 --- [ngodb.net:27017] org.mongodb.driver.cluster               : Discovered replica set primary ac-jeclwab-shard-00-01.biyunwe.mongodb.net:27017 with max election id 7fffffff00000000000000c1 and max set version 9
2023-08-28T00:06:23.288-04:00  INFO 27664 --- [           main] p.w.fiona.movies.MoviesApplicationTests  : Started MoviesApplicationTests in 4.825 seconds (process running for 6.598)
]]></system-out>
  </testcase>
</testsuite>